<?xml version="1.0" encoding="UTF-8"?>
<!-- Generated by org.testng.reporters.JUnitReportReporter -->
<testsuite hostname="DESKTOP-I9RL5TD" failures="0" tests="1" name="com_TestCases.Tc_002_Luma_Login" time="3.595" errors="0" timestamp="2025-01-10T14:53:19 IST" skipped="0">
  <testcase classname="com_TestCases.Tc_002_Luma_Login" name="Luma_Login" time="3.595"/>
  <system-out/>
</testsuite> <!-- com_TestCases.Tc_002_Luma_Login -->
