<?xml version="1.0" encoding="UTF-8"?>
<!-- Generated by org.testng.reporters.JUnitReportReporter -->
<testsuite hostname="DESKTOP-I9RL5TD" failures="0" tests="1" name="com_TestCases.Tc_002_Luma_Login" time="4.829" errors="0" timestamp="2025-04-16T12:46:57 IST" skipped="0">
  <testcase classname="com_TestCases.Tc_002_Luma_Login" name="Luma_Login" time="4.829"/>
  <system-out/>
</testsuite> <!-- com_TestCases.Tc_002_Luma_Login -->
